<?xml version="1.0" encoding="UTF-8"?>
<testng-results ignored="0" total="1" passed="1" failed="0" skipped="0">
  <reporter-output>
  </reporter-output>
  <suite started-at="2023-03-27T15:48:29 IST" name="Suite" finished-at="2023-03-27T15:49:02 IST" duration-ms="33217">
    <groups>
    </groups>
    <test started-at="2023-03-27T15:48:29 IST" name="Test" finished-at="2023-03-27T15:49:02 IST" duration-ms="33217">
      <class name="com.learnautomation.testcases.LoginTestCRM">
        <test-method is-config="true" signature="setUpSuite()[pri:0, instance:com.learnautomation.testcases.LoginTestCRM@7ea9e1e2]" started-at="2023-03-27T15:48:27 IST" name="setUpSuite" finished-at="2023-03-27T15:48:29 IST" duration-ms="2270" status="PASS">
          <reporter-output>
          </reporter-output>
        </test-method> <!-- setUpSuite -->
        <test-method is-config="true" signature="setup()[pri:0, instance:com.learnautomation.testcases.LoginTestCRM@7ea9e1e2]" started-at="2023-03-27T15:48:29 IST" name="setup" finished-at="2023-03-27T15:48:50 IST" duration-ms="20836" status="PASS">
          <reporter-output>
          </reporter-output>
        </test-method> <!-- setup -->
        <test-method signature="loginApp()[pri:0, instance:com.learnautomation.testcases.LoginTestCRM@7ea9e1e2]" started-at="2023-03-27T15:48:50 IST" name="loginApp" finished-at="2023-03-27T15:48:59 IST" duration-ms="8735" status="PASS">
          <reporter-output>
          </reporter-output>
        </test-method> <!-- loginApp -->
        <test-method is-config="true" signature="tearDownMethod(org.testng.ITestResult)[pri:0, instance:com.learnautomation.testcases.LoginTestCRM@7ea9e1e2]" started-at="2023-03-27T15:48:59 IST" name="tearDownMethod" finished-at="2023-03-27T15:49:00 IST" duration-ms="959" status="PASS">
          <params>
            <param index="0">
              <value>
                <![CDATA[[TestResult name=loginApp status=SUCCESS method=LoginTestCRM.loginApp()[pri:0, instance:com.learnautomation.testcases.LoginTestCRM@7ea9e1e2] output={null}]]]>
              </value>
            </param>
          </params>
          <reporter-output>
          </reporter-output>
        </test-method> <!-- tearDownMethod -->
        <test-method is-config="true" signature="tearDown()[pri:0, instance:com.learnautomation.testcases.LoginTestCRM@7ea9e1e2]" started-at="2023-03-27T15:49:00 IST" name="tearDown" finished-at="2023-03-27T15:49:02 IST" duration-ms="2532" status="PASS">
          <reporter-output>
          </reporter-output>
        </test-method> <!-- tearDown -->
      </class> <!-- com.learnautomation.testcases.LoginTestCRM -->
    </test> <!-- Test -->
  </suite> <!-- Suite -->
</testng-results>
