<?xml version="1.0" encoding="UTF-8"?>
<testng-results ignored="0" total="1" passed="1" failed="0" skipped="0">
  <reporter-output>
  </reporter-output>
  <suite started-at="2023-03-29T13:00:18 IST" name="Suite" finished-at="2023-03-29T13:00:45 IST" duration-ms="26389">
    <groups>
    </groups>
    <test started-at="2023-03-29T13:00:18 IST" name="Test" finished-at="2023-03-29T13:00:45 IST" duration-ms="26389">
      <class name="com.learnautomation.testcases.LoginTestCRM">
        <test-method is-config="true" signature="setUpSuite()[pri:0, instance:com.learnautomation.testcases.LoginTestCRM@5d534f5d]" started-at="2023-03-29T13:00:17 IST" name="setUpSuite" finished-at="2023-03-29T13:00:18 IST" duration-ms="1851" status="PASS">
          <reporter-output>
          </reporter-output>
        </test-method> <!-- setUpSuite -->
        <test-method is-config="true" signature="setup()[pri:0, instance:com.learnautomation.testcases.LoginTestCRM@5d534f5d]" started-at="2023-03-29T13:00:18 IST" name="setup" finished-at="2023-03-29T13:00:34 IST" duration-ms="15705" status="PASS">
          <reporter-output>
          </reporter-output>
        </test-method> <!-- setup -->
        <test-method signature="loginApp()[pri:0, instance:com.learnautomation.testcases.LoginTestCRM@5d534f5d]" started-at="2023-03-29T13:00:34 IST" name="loginApp" finished-at="2023-03-29T13:00:42 IST" duration-ms="7606" status="PASS">
          <reporter-output>
          </reporter-output>
        </test-method> <!-- loginApp -->
        <test-method is-config="true" signature="tearDownMethod(org.testng.ITestResult)[pri:0, instance:com.learnautomation.testcases.LoginTestCRM@5d534f5d]" started-at="2023-03-29T13:00:42 IST" name="tearDownMethod" finished-at="2023-03-29T13:00:42 IST" duration-ms="629" status="PASS">
          <params>
            <param index="0">
              <value>
                <![CDATA[[TestResult name=loginApp status=SUCCESS method=LoginTestCRM.loginApp()[pri:0, instance:com.learnautomation.testcases.LoginTestCRM@5d534f5d] output={null}]]]>
              </value>
            </param>
          </params>
          <reporter-output>
          </reporter-output>
        </test-method> <!-- tearDownMethod -->
        <test-method is-config="true" signature="tearDown()[pri:0, instance:com.learnautomation.testcases.LoginTestCRM@5d534f5d]" started-at="2023-03-29T13:00:42 IST" name="tearDown" finished-at="2023-03-29T13:00:45 IST" duration-ms="2393" status="PASS">
          <reporter-output>
          </reporter-output>
        </test-method> <!-- tearDown -->
      </class> <!-- com.learnautomation.testcases.LoginTestCRM -->
    </test> <!-- Test -->
  </suite> <!-- Suite -->
</testng-results>
